<?xml version="1.0" encoding="UTF-8"?>
<!-- Generated by org.testng.reporters.JUnitReportReporter -->
<testsuite skipped="0" hostname="Chinmayis-Air" name="com.training.testcases.ContactsTest" tests="1" failures="0" timestamp="2023-03-31T12:31:01 EDT" time="25.769" errors="0">
  <testcase name="saveAndNew" time="25.769" classname="com.training.testcases.ContactsTest"/>
  <system-out/>
</testsuite> <!-- com.training.testcases.ContactsTest -->
