<?xml version="1.0" encoding="UTF-8"?>
<!-- Generated by org.testng.reporters.JUnitReportReporter -->
<testsuite skipped="0" hostname="Chinmayis-Air" name="com.training.testcases.LoginTestCase" tests="5" failures="0" timestamp="2023-04-03T18:25:32 EDT" time="105.672" errors="0">
  <testcase name="forgotPassword" time="11.567" classname="com.training.testcases.LoginTestCase"/>
  <system-out/>
  <testcase name="invalidLogin" time="16.282" classname="com.training.testcases.LoginTestCase"/>
  <system-out/>
  <testcase name="validLogin" time="23.700" classname="com.training.testcases.LoginTestCase"/>
  <system-out/>
  <testcase name="rememberMe" time="28.805" classname="com.training.testcases.LoginTestCase"/>
  <system-out/>
  <testcase name="clrPwdfield" time="25.318" classname="com.training.testcases.LoginTestCase"/>
  <system-out/>
</testsuite> <!-- com.training.testcases.LoginTestCase -->
